
ROM used: 392 (5%)
          392 (5%) including unused fragments

          1 Average locations per line
          5 Average locations per statement

RAM used: 24 (7%) at main() level
          26 (7%) worst case

Stack used: 4 worst case (out of 8 total available)

Lines Stmts  %   Files
----- ----- ---  -----
  207    73 100  mainLuces.c
  313     0   0  C:\Archivos de programa\PICC\Devices\16f877a.h
----- -----
  520    73 Total

Page ROM  %  RAM   Vol Diff  Functions:
---- --- --- ---   --- ----  ----------
 Inline        1             @delay_ms1
0     95  24   0             @const71
0      5   1   0    17  0.8  waitjg
0     26   7   1    17  0.8  waitletra
0     81  21   6   576  6.7  MAIN
0     84  21   3   367  3.8  fila
 Inline        2             @MUL88
0      5   1   0    57  1.5  set01
0     86  22   0   619  1.9  letrero
0      6   2   0    50  1.5  reset

Program metrics:
    Functions               7
    Statements              73
    Comments                142
    Volume (V)              2404
    Difficilty (D)          17.8
    Effort to implement (E) 42805
    Time to implement (T)   40 minutes
    Est Delivered Bugs (B)  0
    Cyclomatic Complexity   4
    Maintainability (MI)    135

 Segment     Used  Free
-----------  ----  ----
00000-00003     4  0  
00004-007FF   388  1656  
00800-00FFF     0  2048  
01000-017FF     0  2048  
01800-01FFF     0  2048  



