
ROM used: 547 (7%)
          547 (7%) including unused fragments

          1 Average locations per line
          4 Average locations per statement

RAM used: 34 (9%) at main() level
          38 (10%) worst case

Stack used: 4 worst case (out of 8 total available)

Lines Stmts  %   Files
----- ----- ---  -----
  188   134 100  mainLuces.c
  313     0   0  C:\Archivos de programa\PICC\Devices\16f877a.h
----- -----
  501   134 Total

Page ROM  %  RAM   Vol Diff  Functions:
---- --- --- ---   --- ----  ----------
0     20   4   1             @delay_ms1
0     95  17   0             @const74
0    124  23   3  1175  8.9  MAIN
0    162  30   3  2027  5.4  fila
0     37   7   2             @MUL88
0     23   4   2   187  4.4  intercambianumletra
0     11   2   0    69  1.6  set01
0     21   4   0   151  3.5  letrero
0     31   6   1   165  4.0  letrero2
0      9   2   0    56  1.6  reset
0     10   2   0    72  2.7  pausaletrero

Program metrics:
    Functions               8
    Statements              134
    Comments                113
    Volume (V)              5282
    Difficilty (D)          33.2
    Effort to implement (E) 175414
    Time to implement (T)   2 hours, 42 minutes
    Est Delivered Bugs (B)  1
    Cyclomatic Complexity   26
    Maintainability (MI)    69

 Segment     Used  Free
-----------  ----  ----
00000-00003     4  0  
00004-007FF   543  1501  
00800-00FFF     0  2048  
01000-017FF     0  2048  
01800-01FFF     0  2048  



