
ROM used: 443 (5%)
          443 (5%) including unused fragments

          1 Average locations per line
          7 Average locations per statement

RAM used: 17 (5%) at main() level
          23 (6%) worst case

Stack used: 3 worst case (out of 8 total available)

Lines Stmts  %   Files
----- ----- ---  -----
  155    63 100  mainLuces.c
  313     0   0  C:\Archivos de programa\PICC\Devices\16f877a.h
----- -----
  468    63 Total

Page ROM  %  RAM   Vol Diff  Functions:
---- --- --- ---   --- ----  ----------
 Inline        1             @delay_ms1
0    179  40   0             @const64
0     55  12   5   367  4.8  main
0     41   9   5   201  5.7  fila
0     37   8   2             @MUL88
0    100  23   1   741  2.4  letra
 Inline        0    82  1.6  set0
 Inline        0    82  1.6  set1
 Inline        0    50  1.5  reset
0      5   1   0    17  0.8  waitjg
0     22   5   0    17  0.8  waitletra

Program metrics:
    Functions               8
    Statements              63
    Comments                115
    Volume (V)              2284
    Difficilty (D)          20.0
    Effort to implement (E) 45613
    Time to implement (T)   42 minutes
    Est Delivered Bugs (B)  0
    Cyclomatic Complexity   4
    Maintainability (MI)    88

 Segment     Used  Free
-----------  ----  ----
00000-00003     4  0  
00004-007FF   439  1605  
00800-00FFF     0  2048  
01000-017FF     0  2048  
01800-01FFF     0  2048  



