
ROM used: 561 (7%)
          561 (7%) including unused fragments

          1 Average locations per line
          4 Average locations per statement

RAM used: 26 (7%) at main() level
          30 (8%) worst case

Stack used: 3 worst case (out of 8 total available)

Lines Stmts  %   Files
----- ----- ---  -----
  245   142 100  mainLuces.c
  313     0   0  C:\Archivos de programa\PICC\Devices\16f877a.h
----- -----
  558   142 Total

Page ROM  %  RAM   Vol Diff  Functions:
---- --- --- ---   --- ----  ----------
0     20   4   1             @delay_ms1
0     95  17   0             @const77
0    104  19   3  1024  7.9  MAIN
0    162  29   3  1517  4.9  fila
0     37   7   2             @MUL88
0     21   4   2   187  4.4  intercambianumletra
0     11   2   0    69  1.6  set01
0     98  17   0   679  1.9  letrero
0      9   2   0    56  1.6  reset

Program metrics:
    Functions               6
    Statements              142
    Comments                156
    Volume (V)              4734
    Difficilty (D)          22.7
    Effort to implement (E) 107479
    Time to implement (T)   1 hours, 40 minutes
    Est Delivered Bugs (B)  1
    Cyclomatic Complexity   20
    Maintainability (MI)    134

 Segment     Used  Free
-----------  ----  ----
00000-00003     4  0  
00004-007FF   557  1487  
00800-00FFF     0  2048  
01000-017FF     0  2048  
01800-01FFF     0  2048  



