CCS PCM C Compiler, Version 4.057, 6212               08-ene-11 14:09

               Filename: mainLuces.lst

               ROM used: 561 words (7%)
                         Largest free fragment is 2048
               RAM used: 26 (7%) at main() level
                         30 (8%) worst case
               Stack:    3 locations

*
0000:  MOVLW  00
0001:  MOVWF  0A
0002:  GOTO   1C9
0003:  NOP
.................... #INCLUDE "C:\Archivos de programa\PICC\Devices\16f877a.h" 
.................... //////// Standard Header file for the PIC16F877A device //////////////// 
.................... #device PIC16F877A 
.................... #list 
....................  
.................... #FUSES HS,NOWDT,NOLVP,PUT,NOPROTECT 
.................... #USE delay(clock=20000000) 
*
013E:  MOVLW  34
013F:  MOVWF  04
0140:  BCF    03.7
0141:  MOVF   00,W
0142:  BTFSC  03.2
0143:  GOTO   151
0144:  MOVLW  06
0145:  MOVWF  78
0146:  CLRF   77
0147:  DECFSZ 77,F
0148:  GOTO   147
0149:  DECFSZ 78,F
014A:  GOTO   146
014B:  MOVLW  7B
014C:  MOVWF  77
014D:  DECFSZ 77,F
014E:  GOTO   14D
014F:  DECFSZ 00,F
0150:  GOTO   144
0151:  RETLW  00
.................... #BYTE PORTC=0x07  
.................... #BYTE PORTB=0x06  
.................... #BYTE PORTD=0x08  
....................  
.................... #BIT RC0=0x07.0 
.................... #BIT RC1=0x07.1 
.................... #BIT RC2=0x07.2 
.................... #BIT RC3=0x07.3 
.................... #BIT RC4=0x07.4 
....................  
.................... #BIT RB0=0x06.0 
.................... #BIT RB1=0x06.1 
.................... #BIT RB2=0x06.2 
.................... #BIT RB3=0x06.3 
.................... #BIT RB4=0x06.4 
.................... #BIT RB5=0x06.5 
.................... #BIT RB6=0x06.6 
....................  
.................... #BIT RD0=0x08.0//data 
.................... #BIT RD1=0x08.1//clock 
.................... #BIT RD2=0x08.2//reset 
....................  
.................... int useg1=8; 
*
01D4:  MOVLW  08
01D5:  BCF    03.5
01D6:  MOVWF  20
.................... int aux,iaux,auxportb,apbi; 
.................... int i,apaga=0,prende=1; 
01D7:  CLRF   26
01D8:  MOVLW  01
01D9:  MOVWF  27
.................... int num=5,num2=0; 
01DA:  MOVLW  05
01DB:  MOVWF  28
01DC:  CLRF   29
.................... int letpos[6]={0,1,2,3,4,5}; 
01DD:  CLRF   2A
01DE:  MOVLW  01
01DF:  MOVWF  2B
01E0:  MOVLW  02
01E1:  MOVWF  2C
01E2:  MOVLW  03
01E3:  MOVWF  2D
01E4:  MOVLW  04
01E5:  MOVWF  2E
01E6:  MOVLW  05
01E7:  MOVWF  2F
.................... int const lether[13][7]={ 
.................... {0x1F,0x1F,0x1F,0x1F,0x1F,0x1F,0x1F},  //  	vacio 
.................... {0x0E,0x0E,0x0E,0x0E,0x0A,0x04,0x0E},  //  M 
.................... {0x0E,0x0E,0x0E,0x00,0x0E,0x0E,0x11},  //  A 
.................... {0x0E,0x0E,0x0C,0x0A,0x06,0x0E,0x0E},  //  N 
.................... {0x11,0x0E,0x0E,0x0E,0x0E,0x0E,0x0E},  //  U 
.................... {0x0E,0x0E,0x0E,0x00,0x0E,0x0E,0x11},  //  A 
.................... {0x00,0x0F,0x0F,0x0F,0x0F,0x0F,0x0F},  //  L 
.................... {0x00,0x1B,0x1B,0x1B,0x1B,0x1B,0x00},  //  I 
.................... {0x01,0x16,0x16,0x16,0x16,0x16,0x01},  //  D 
.................... {0x0E,0x0E,0x0E,0x00,0x0E,0x0E,0x11},  //  A 
.................... {0x01,0x16,0x16,0x16,0x16,0x16,0x01},  //  D  
.................... {0x00,0x0F,0x0F,0x03,0x0F,0x0F,0x00},  //  E 
.................... {0x01,0x1E,0x1E,0x11,0x0F,0x0F,0x10},  //  S 
.................... }; 
.................... void waitletra(){delay_ms(1);}//delay_us(500) 
.................... void reset(); 
.................... void set01(); 
.................... void fila(int nu); 
.................... void letrero(); 
.................... void intercambianumletra(); 
.................... void main(void) 
.................... { 
*
01C9:  CLRF   04
01CA:  BCF    03.7
01CB:  MOVLW  1F
01CC:  ANDWF  03,F
01CD:  BSF    03.5
01CE:  BSF    1F.0
01CF:  BSF    1F.1
01D0:  BSF    1F.2
01D1:  BCF    1F.3
01D2:  MOVLW  07
01D3:  MOVWF  1C
....................     int nh=0; 
*
01EA:  CLRF   31
....................    int cmde=0,csc=0; 
01EB:  CLRF   32
01EC:  CLRF   33
.................... 	//long useg1=50; 
.................... 	set_tris_b(0x00);  // PORTA_TRIS = 0b11000000; //1=ENTRADA, 0=SALIDA  
01ED:  MOVLW  00
01EE:  BSF    03.5
01EF:  MOVWF  06
.................... 	set_tris_d(0x00);  
01F0:  MOVWF  08
.................... 	set_tris_c(0x00); 
*
01E8:  MOVLW  FF
01E9:  MOVWF  30
*
01F1:  MOVWF  07
01F2:  BCF    03.5
01F3:  MOVWF  30
....................     PORTB=0; 
01F4:  CLRF   06
....................     PORTC=0; 
01F5:  CLRF   07
.................... 	PORTD=1; 
01F6:  MOVLW  01
01F7:  MOVWF  08
.................... 	reset(); 
01F8:  GOTO   063
....................  
.................... 	while(TRUE) 
....................     {	nh++; 
01F9:  INCF   31,F
.................... switch (cmde) { 
01FA:  MOVF   32,W
01FB:  BTFSC  03.2
01FC:  GOTO   201
01FD:  XORLW  01
01FE:  BTFSC  03.2
01FF:  GOTO   21B
0200:  GOTO   22F
.................... 	 
....................     case 0: 
.................... if (csc>=20) 
0201:  MOVF   33,W
0202:  SUBLW  13
0203:  BTFSC  03.0
0204:  GOTO   208
.................... 	   	    {cmde=1;csc=0;} 
0205:  MOVLW  01
0206:  MOVWF  32
0207:  CLRF   33
.................... 	if (nh<=useg1) 
0208:  MOVF   31,W
0209:  SUBWF  20,W
020A:  BTFSS  03.0
020B:  GOTO   20E
.................... 	   	    letrero(); 
020C:  CALL   152
....................      	else    
020D:  GOTO   21A
....................       	   {nh=0;num2++; 
020E:  CLRF   31
020F:  INCF   29,F
.................... 			if (num2>=6){intercambianumletra();	num2=0;} 
0210:  MOVF   29,W
0211:  SUBLW  05
0212:  BTFSC  03.0
0213:  GOTO   216
0214:  CALL   1B4
0215:  CLRF   29
.................... 			num=5-num2;csc++;} 
0216:  MOVF   29,W
0217:  SUBLW  05
0218:  MOVWF  28
0219:  INCF   33,F
....................            break; 
021A:  GOTO   22F
....................     case 1: 
.................... 		if (nh<=useg1) 
021B:  MOVF   31,W
021C:  SUBWF  20,W
021D:  BTFSS  03.0
021E:  GOTO   221
.................... 	   	    letrero(); 
021F:  CALL   152
....................      	else    
0220:  GOTO   22D
....................       	   {nh=0;num2++; 
0221:  CLRF   31
0222:  INCF   29,F
.................... 			if (num2>=6){intercambianumletra();	num2=0;} 
0223:  MOVF   29,W
0224:  SUBLW  05
0225:  BTFSC  03.0
0226:  GOTO   229
0227:  CALL   1B4
0228:  CLRF   29
.................... 			num=5-num2;csc++;} 
0229:  MOVF   29,W
022A:  SUBLW  05
022B:  MOVWF  28
022C:  INCF   33,F
.................... cmde=0; 
022D:  CLRF   32
....................            break; 
022E:  GOTO   22F
....................  } 
....................  
....................      }      	 
022F:  GOTO   1F9
.................... 	 			 
.................... } 
....................  
....................  
.................... /*   
....................  
.................... */ 
....................  
.................... void fila(int nu){ 
....................    //  reset(); 
0230:  SLEEP
....................   PORTC=lether[letpos[0]][nu]; 
*
009C:  MOVF   2A,W
009D:  MOVWF  36
009E:  MOVLW  07
009F:  MOVWF  37
00A0:  CALL   06C
00A1:  MOVF   34,W
00A2:  ADDWF  78,W
00A3:  CALL   004
00A4:  MOVWF  78
00A5:  MOVWF  07
.................... if (num>=5){	RD0=RC4;set01();   } 
00A6:  MOVF   28,W
00A7:  SUBLW  04
00A8:  BTFSC  03.0
00A9:  GOTO   0AF
00AA:  BTFSS  07.4
00AB:  BCF    08.0
00AC:  BTFSC  07.4
00AD:  BSF    08.0
00AE:  CALL   091
.................... if (num>=4){	RD0=RC3;set01();   } 
00AF:  MOVF   28,W
00B0:  SUBLW  03
00B1:  BTFSC  03.0
00B2:  GOTO   0B8
00B3:  BTFSS  07.3
00B4:  BCF    08.0
00B5:  BTFSC  07.3
00B6:  BSF    08.0
00B7:  CALL   091
.................... if (num>=3){	RD0=RC2;set01();   } 
00B8:  MOVF   28,W
00B9:  SUBLW  02
00BA:  BTFSC  03.0
00BB:  GOTO   0C1
00BC:  BTFSS  07.2
00BD:  BCF    08.0
00BE:  BTFSC  07.2
00BF:  BSF    08.0
00C0:  CALL   091
.................... if (num>=2){	RD0=RC1;set01();   } 
00C1:  MOVF   28,W
00C2:  SUBLW  01
00C3:  BTFSC  03.0
00C4:  GOTO   0CA
00C5:  BTFSS  07.1
00C6:  BCF    08.0
00C7:  BTFSC  07.1
00C8:  BSF    08.0
00C9:  CALL   091
.................... if (num>=1){	RD0=RC0;set01();   } 
00CA:  MOVF   28,W
00CB:  SUBLW  00
00CC:  BTFSC  03.0
00CD:  GOTO   0D3
00CE:  BTFSS  07.0
00CF:  BCF    08.0
00D0:  BTFSC  07.0
00D1:  BSF    08.0
00D2:  CALL   091
.................... RD0=1;set01(); 
00D3:  BSF    08.0
00D4:  CALL   091
....................     for  (i=1;i<5;i++) 
00D5:  MOVLW  01
00D6:  MOVWF  25
00D7:  MOVF   25,W
00D8:  SUBLW  04
00D9:  BTFSS  03.0
00DA:  GOTO   106
....................     { 
....................     PORTC=lether[letpos[i]][nu]; 
00DB:  MOVLW  2A
00DC:  ADDWF  25,W
00DD:  MOVWF  04
00DE:  BCF    03.7
00DF:  MOVF   00,W
00E0:  MOVWF  36
00E1:  MOVLW  07
00E2:  MOVWF  37
00E3:  CALL   06C
00E4:  MOVF   34,W
00E5:  ADDWF  78,W
00E6:  CALL   004
00E7:  MOVWF  78
00E8:  MOVWF  07
.................... 	RD0=RC4;set01();	 
00E9:  BTFSS  07.4
00EA:  BCF    08.0
00EB:  BTFSC  07.4
00EC:  BSF    08.0
00ED:  CALL   091
.................... 	RD0=RC3;set01(); 
00EE:  BTFSS  07.3
00EF:  BCF    08.0
00F0:  BTFSC  07.3
00F1:  BSF    08.0
00F2:  CALL   091
.................... 	RD0=RC2;set01(); 
00F3:  BTFSS  07.2
00F4:  BCF    08.0
00F5:  BTFSC  07.2
00F6:  BSF    08.0
00F7:  CALL   091
.................... 	RD0=RC1;set01(); 
00F8:  BTFSS  07.1
00F9:  BCF    08.0
00FA:  BTFSC  07.1
00FB:  BSF    08.0
00FC:  CALL   091
.................... 	RD0=RC0;set01(); 
00FD:  BTFSS  07.0
00FE:  BCF    08.0
00FF:  BTFSC  07.0
0100:  BSF    08.0
0101:  CALL   091
.................... 	RD0=1;set01();				 
0102:  BSF    08.0
0103:  CALL   091
....................     } 
0104:  INCF   25,F
0105:  GOTO   0D7
....................  PORTC=lether[letpos[5]][nu]; 
0106:  MOVF   2F,W
0107:  MOVWF  36
0108:  MOVLW  07
0109:  MOVWF  37
010A:  CALL   06C
010B:  MOVF   34,W
010C:  ADDWF  78,W
010D:  CALL   004
010E:  MOVWF  78
010F:  MOVWF  07
.................... if (num2>=1){	RD0=RC4;set01();   } 
0110:  MOVF   29,W
0111:  SUBLW  00
0112:  BTFSC  03.0
0113:  GOTO   119
0114:  BTFSS  07.4
0115:  BCF    08.0
0116:  BTFSC  07.4
0117:  BSF    08.0
0118:  CALL   091
.................... if (num2>=2){	RD0=RC3;set01();   } 
0119:  MOVF   29,W
011A:  SUBLW  01
011B:  BTFSC  03.0
011C:  GOTO   122
011D:  BTFSS  07.3
011E:  BCF    08.0
011F:  BTFSC  07.3
0120:  BSF    08.0
0121:  CALL   091
.................... if (num2>=3){	RD0=RC2;set01();   } 
0122:  MOVF   29,W
0123:  SUBLW  02
0124:  BTFSC  03.0
0125:  GOTO   12B
0126:  BTFSS  07.2
0127:  BCF    08.0
0128:  BTFSC  07.2
0129:  BSF    08.0
012A:  CALL   091
.................... if (num2>=4){	RD0=RC1;set01();   } 
012B:  MOVF   29,W
012C:  SUBLW  03
012D:  BTFSC  03.0
012E:  GOTO   134
012F:  BTFSS  07.1
0130:  BCF    08.0
0131:  BTFSC  07.1
0132:  BSF    08.0
0133:  CALL   091
.................... if (num2>=5){	RD0=RC0;set01();   } 
0134:  MOVF   29,W
0135:  SUBLW  04
0136:  BTFSC  03.0
0137:  GOTO   13D
0138:  BTFSS  07.0
0139:  BCF    08.0
013A:  BTFSC  07.0
013B:  BSF    08.0
013C:  CALL   091
....................  
.................... } 
013D:  RETLW  00
.................... void intercambianumletra(){ 
....................  
.................... 			aux=letpos[0]; 
*
01B4:  MOVF   2A,W
01B5:  MOVWF  21
.................... 	      	for(iaux=0;iaux<6;iaux++) 
01B6:  CLRF   22
01B7:  MOVF   22,W
01B8:  SUBLW  05
01B9:  BTFSS  03.0
01BA:  GOTO   1C8
.................... 	      		{ aux++; 
01BB:  INCF   21,F
.................... 	      	 	  if (aux==13)aux=0; 
01BC:  MOVF   21,W
01BD:  SUBLW  0D
01BE:  BTFSC  03.2
01BF:  CLRF   21
.................... 			      letpos[iaux]=aux;		      	 
01C0:  MOVLW  2A
01C1:  ADDWF  22,W
01C2:  MOVWF  04
01C3:  BCF    03.7
01C4:  MOVF   21,W
01C5:  MOVWF  00
.................... 	      	    } 
01C6:  INCF   22,F
01C7:  GOTO   1B7
....................  } 
01C8:  RETLW  00
.................... void set01(){ 
....................   
....................  delay_us(2); 
*
0091:  MOVLW  03
0092:  MOVWF  77
0093:  DECFSZ 77,F
0094:  GOTO   093
....................  RD1=0;//clock 
0095:  BCF    08.1
....................  delay_us(2); 
0096:  MOVLW  03
0097:  MOVWF  77
0098:  DECFSZ 77,F
0099:  GOTO   098
....................  RD1=1;//clock 
009A:  BSF    08.1
.................... } 
009B:  RETLW  00
.................... void letrero(){ 
....................  /* 
.................... PORTB=0X00; 
.................... fila(0); 
.................... PORTB=0X01; 
.................... delay_ms(1); 
....................  
.................... for(apbi=1;apbi<7;apbi++) 
.................... 	{  
....................  
.................... auxportb=PORTB; 
.................... PORTB=0X00; 
.................... fila(apbi); 
.................... PORTB=auxportb*2; 
.................... delay_ms(1);	 		      	 
....................     } 
....................  
....................    
....................   
.................... auxportb,apbi; */ 
.................... 	 RB6=apaga; 
*
0152:  BTFSS  26.0
0153:  BCF    06.6
0154:  BTFSC  26.0
0155:  BSF    06.6
....................      fila(0); 
0156:  CLRF   34
0157:  CALL   09C
....................      RB0=prende; 
0158:  BTFSS  27.0
0159:  BCF    06.0
015A:  BTFSC  27.0
015B:  BSF    06.0
....................      delay_ms(1); 
015C:  MOVLW  01
015D:  MOVWF  34
015E:  CALL   13E
....................  
.................... 	 RB0=apaga; 
015F:  BTFSS  26.0
0160:  BCF    06.0
0161:  BTFSC  26.0
0162:  BSF    06.0
....................      fila(1); 
0163:  MOVLW  01
0164:  MOVWF  34
0165:  CALL   09C
....................      RB1=prende; 
0166:  BTFSS  27.0
0167:  BCF    06.1
0168:  BTFSC  27.0
0169:  BSF    06.1
....................      delay_ms(1); 
016A:  MOVLW  01
016B:  MOVWF  34
016C:  CALL   13E
....................  
.................... 	 RB1=apaga; 
016D:  BTFSS  26.0
016E:  BCF    06.1
016F:  BTFSC  26.0
0170:  BSF    06.1
....................    fila(2); 
0171:  MOVLW  02
0172:  MOVWF  34
0173:  CALL   09C
....................      RB2=prende; 
0174:  BTFSS  27.0
0175:  BCF    06.2
0176:  BTFSC  27.0
0177:  BSF    06.2
....................      delay_ms(1); 
0178:  MOVLW  01
0179:  MOVWF  34
017A:  CALL   13E
.................... 	    
.................... 	 RB2=apaga; 
017B:  BTFSS  26.0
017C:  BCF    06.2
017D:  BTFSC  26.0
017E:  BSF    06.2
....................    fila(3); 
017F:  MOVLW  03
0180:  MOVWF  34
0181:  CALL   09C
....................      RB3=prende; 
0182:  BTFSS  27.0
0183:  BCF    06.3
0184:  BTFSC  27.0
0185:  BSF    06.3
....................      delay_ms(1); 
0186:  MOVLW  01
0187:  MOVWF  34
0188:  CALL   13E
.................... 	    
.................... 	 RB3=apaga; 
0189:  BTFSS  26.0
018A:  BCF    06.3
018B:  BTFSC  26.0
018C:  BSF    06.3
....................   fila(4); 
018D:  MOVLW  04
018E:  MOVWF  34
018F:  CALL   09C
....................      RB4=prende; 
0190:  BTFSS  27.0
0191:  BCF    06.4
0192:  BTFSC  27.0
0193:  BSF    06.4
....................      delay_ms(1); 
0194:  MOVLW  01
0195:  MOVWF  34
0196:  CALL   13E
.................... 	    
.................... 	 RB4=apaga; 
0197:  BTFSS  26.0
0198:  BCF    06.4
0199:  BTFSC  26.0
019A:  BSF    06.4
....................    fila(5); 
019B:  MOVLW  05
019C:  MOVWF  34
019D:  CALL   09C
....................      RB5=prende; 
019E:  BTFSS  27.0
019F:  BCF    06.5
01A0:  BTFSC  27.0
01A1:  BSF    06.5
....................      delay_ms(1); 
01A2:  MOVLW  01
01A3:  MOVWF  34
01A4:  CALL   13E
.................... 	    
.................... 	 RB5=apaga; 
01A5:  BTFSS  26.0
01A6:  BCF    06.5
01A7:  BTFSC  26.0
01A8:  BSF    06.5
....................    fila(6); 
01A9:  MOVLW  06
01AA:  MOVWF  34
01AB:  CALL   09C
....................      RB6=prende; 
01AC:  BTFSS  27.0
01AD:  BCF    06.6
01AE:  BTFSC  27.0
01AF:  BSF    06.6
....................      delay_ms(1); 
01B0:  MOVLW  01
01B1:  MOVWF  34
01B2:  CALL   13E
....................  
....................      
.................... } 
01B3:  RETLW  00
....................  
....................  
....................  
.................... /* 
.................... void set0(void){ 
....................  RD0=0;//data 
....................  waitjg(); 
....................  RD1=0;//clock 
....................  waitjg(); 
....................  RD1=1;//clock 
.................... } 
.................... void set1(void){ 
....................  RD0=1;//data 
....................  waitjg(); 
....................  RD1=0;//clock 
....................  waitjg(); 
....................  RD1=1;//clock 
.................... } 
....................  
.................... */ 
.................... void reset(void){ 
....................  //for (irst=0;irst<20;irst++)set0(); 
....................  RD2=0;//data 
*
0063:  BCF    08.2
....................  delay_us(2); 
0064:  MOVLW  03
0065:  MOVWF  77
0066:  DECFSZ 77,F
0067:  GOTO   066
....................  RD2=1;//clock	 
0068:  BSF    08.2
.................... } 
0069:  BCF    0A.3
006A:  BCF    0A.4
006B:  GOTO   1F9 (RETURN)
....................  
....................  
....................  
.................... /* 
.................... 	 RB0=0; 
.................... 	 RB1=0; 
.................... 	 RB2=0; 
.................... 	 RB3=0; 
.................... 	 RB4=0; 
.................... 	 RB5=0; 
.................... 	 RB6=0; 
....................   RD0=1;//data 
....................   RD1=1;//clock 
....................   RD2=1;//reset 
....................  
.................... //	PORTA_TRIS = 0b11000000; //1=ENTRADA, 0=SALIDA  
.................... //    PORTB_TRIS = 0b00000000; //1=ENTRADA, 0=SALIDA  
....................  
....................  
.................... */ 

Configuration Fuses:
   Word  1: 3F72   HS NOWDT PUT NODEBUG NOPROTECT BROWNOUT NOLVP NOCPD NOWRT
