
ROM used: 611 (7%)
          611 (7%) including unused fragments

          1 Average locations per line
          6 Average locations per statement

RAM used: 72 (20%) at main() level
          82 (22%) worst case

Stack used: 3 worst case (out of 8 total available)

Lines Stmts  %   Files
----- ----- ---  -----
  164    95 100  mainLuces.c
  313     0   0  C:\Archivos de programa\PICC\Devices\16f877a.h
----- -----
  477    95 Total

Page ROM  %  RAM   Vol Diff  Functions:
---- --- --- ---   --- ----  ----------
 Inline        1             @delay_ms1
0     11   2   0             @const72
0      9   1   0             @const74
0     10   2   0             @const76
0     10   2   0             @const78
0     11   2   0             @const80
0     11   2   0             @const82
0      5   1   0             @const84
0    125  20   1   349  4.2  main
0    191  31   5  1631  7.1  llenafila
0     11   2   0             @goto10157
 Inline        5   358  4.2  fila
 Inline        2   211  4.5  intercambialetras
0     84  14   2   515  7.1  recargadatos
0      5   1   0    69  1.6  set01
0    118  19   0   151  3.5  letrero
0      6   1   0    56  1.6  reset

Program metrics:
    Functions               8
    Statements              95
    Comments                106
    Volume (V)              4792
    Difficilty (D)          33.4
    Effort to implement (E) 160277
    Time to implement (T)   2 hours, 28 minutes
    Est Delivered Bugs (B)  1
    Cyclomatic Complexity   22
    Maintainability (MI)    67

 Segment     Used  Free
-----------  ----  ----
00000-00003     4  0  
00004-007FF   607  1437  
00800-00FFF     0  2048  
01000-017FF     0  2048  
01800-01FFF     0  2048  



