
ROM used: 354 (4%)
          354 (4%) including unused fragments

          1 Average locations per line
          5 Average locations per statement

RAM used: 33 (9%) at main() level
          34 (9%) worst case

Stack used: 4 worst case (out of 8 total available)

Lines Stmts  %   Files
----- ----- ---  -----
  181    74 100  mainLuces.c
  313     0   0  C:\Archivos de programa\PICC\Devices\16f877a.h
----- -----
  494    74 Total

Page ROM  %  RAM   Vol Diff  Functions:
---- --- --- ---   --- ----  ----------
 Inline        1             @delay_ms1
0     39  11   0             @const70
0     94  27   8   582  6.8  main
0     83  23   2   223  3.7  fila
 Inline        2             @MUL88
0     15   4   1    61  2.3  set01
0     86  24   0   619  1.9  letrero
 Inline        0    82  1.6  set0
 Inline        0    82  1.6  set1
0      6   2   0    50  1.5  reset
0      5   1   0    17  0.8  waitjg
0     22   6   0    17  0.8  waitletra

Program metrics:
    Functions               9
    Statements              74
    Comments                116
    Volume (V)              2602
    Difficilty (D)          22.0
    Effort to implement (E) 57313
    Time to implement (T)   53 minutes
    Est Delivered Bugs (B)  0
    Cyclomatic Complexity   5
    Maintainability (MI)    74

 Segment     Used  Free
-----------  ----  ----
00000-00003     4  0  
00004-007FF   350  1694  
00800-00FFF     0  2048  
01000-017FF     0  2048  
01800-01FFF     0  2048  



