
ROM used: 520 (6%)
          520 (6%) including unused fragments

          1 Average locations per line
          4 Average locations per statement

RAM used: 24 (7%) at main() level
          28 (8%) worst case

Stack used: 4 worst case (out of 8 total available)

Lines Stmts  %   Files
----- ----- ---  -----
  228   123 100  mainLuces.c
  313     0   0  C:\Archivos de programa\PICC\Devices\16f877a.h
----- -----
  541   123 Total

Page ROM  %  RAM   Vol Diff  Functions:
---- --- --- ---   --- ----  ----------
 Inline        1             @delay_ms1
0     95  18   0             @const75
0      5   1   0    17  0.8  waitjg
0     22   4   0    17  0.8  waitletra
0     75  14   2   431  5.2  MAIN
0    162  31   3  1517  4.9  fila
0     37   7   2             @MUL88
0     23   4   2   187  4.4  intercambianumletra
0      5   1   0    57  1.5  set01
0     86  17   0   619  1.9  letrero
0      6   1   0    50  1.5  reset

Program metrics:
    Functions               8
    Statements              123
    Comments                142
    Volume (V)              3987
    Difficilty (D)          22.4
    Effort to implement (E) 89465
    Time to implement (T)   1 hours, 23 minutes
    Est Delivered Bugs (B)  1
    Cyclomatic Complexity   15
    Maintainability (MI)    106

 Segment     Used  Free
-----------  ----  ----
00000-00003     4  0  
00004-007FF   516  1528  
00800-00FFF     0  2048  
01000-017FF     0  2048  
01800-01FFF     0  2048  



