
ROM used: 721 (9%)
          721 (9%) including unused fragments

          1 Average locations per line
          3 Average locations per statement

RAM used: 29 (8%) at main() level
          33 (9%) worst case

Stack used: 4 worst case (out of 8 total available)

Lines Stmts  %   Files
----- ----- ---  -----
  399   224 100  mainLuces.c
  313     0   0  C:\Archivos de programa\PICC\Devices\16f877a.h
----- -----
  712   224 Total

Page ROM  %  RAM   Vol Diff  Functions:
---- --- --- ---   --- ----  ----------
0     20   3   1             @delay_ms1
0     95  13   0             @const82
0    117  16   3  1236  8.4  MAIN
0    162  22   3  1517  4.9  fila
0     37   5   2             @MUL88
0     23   3   2   187  4.4  intercambianumletra
0     11   2   0    69  1.6  set01
0     98  14   0   679  1.9  letrero
0    135  19   0   997  2.4  letrero2
0      9   1   0    56  1.6  reset
0     10   1   0    76  2.7  pausaletrero

Program metrics:
    Functions               8
    Statements              224
    Comments                194
    Volume (V)              6757
    Difficilty (D)          29.0
    Effort to implement (E) 195695
    Time to implement (T)   3 hours, 1 minutes
    Est Delivered Bugs (B)  1
    Cyclomatic Complexity   24
    Maintainability (MI)    130

 Segment     Used  Free
-----------  ----  ----
00000-00003     4  0  
00004-007FF   717  1327  
00800-00FFF     0  2048  
01000-017FF     0  2048  
01800-01FFF     0  2048  



