
ROM used: 730 (9%)
          730 (9%) including unused fragments

          1 Average locations per line
          4 Average locations per statement

RAM used: 28 (8%) at main() level
          32 (9%) worst case

Stack used: 4 worst case (out of 8 total available)

Lines Stmts  %   Files
----- ----- ---  -----
  329   186 100  mainLuces.c
  313     0   0  C:\Archivos de programa\PICC\Devices\16f877a.h
----- -----
  642   186 Total

Page ROM  %  RAM   Vol Diff  Functions:
---- --- --- ---   --- ----  ----------
0     20   3   1             @delay_ms1
0     95  13   0             @const81
0    103  14   3   986  7.9  MAIN
0    162  22   3  1517  4.9  fila
0     37   5   2             @MUL88
0     23   3   2   187  4.4  intercambianumletra
0     11   2   0    69  1.6  set01
0     98  13   0   679  1.9  letrero
0    156  21   0  1217  2.4  letrero2
0      9   1   0    56  1.6  reset
0     12   2   0    76  2.7  pausaletrero

Program metrics:
    Functions               8
    Statements              186
    Comments                175
    Volume (V)              6716
    Difficilty (D)          28.5
    Effort to implement (E) 191379
    Time to implement (T)   2 hours, 57 minutes
    Est Delivered Bugs (B)  1
    Cyclomatic Complexity   21
    Maintainability (MI)    125

 Segment     Used  Free
-----------  ----  ----
00000-00003     4  0  
00004-007FF   726  1318  
00800-00FFF     0  2048  
01000-017FF     0  2048  
01800-01FFF     0  2048  



