
ROM used: 610 (7%)
          610 (7%) including unused fragments

          1 Average locations per line
          4 Average locations per statement

RAM used: 36 (10%) at main() level
          40 (11%) worst case

Stack used: 4 worst case (out of 8 total available)

Lines Stmts  %   Files
----- ----- ---  -----
  208   159 100  mainLuces.c
  313     0   0  C:\Archivos de programa\PICC\Devices\16f877a.h
----- -----
  521   159 Total

Page ROM  %  RAM   Vol Diff  Functions:
---- --- --- ---   --- ----  ----------
0     21   3   1             @delay_ms1
0     95  16   0             @const68
0    164  27   3  1762  8.9  main
0    162  27   3  2027  5.4  fila
0     37   6   2             @MUL88
0     23   4   2   187  4.4  intercambianumletra
0      5   1   0    69  1.6  set01
0     21   3   0   151  3.5  letrero
0     31   5   1   165  4.0  letrero2
0     31   5   1   165  4.0  letrero3
0      6   1   0    56  1.6  reset
0     10   2   0    72  2.7  pausaletrero

Program metrics:
    Functions               9
    Statements              159
    Comments                112
    Volume (V)              6364
    Difficilty (D)          37.5
    Effort to implement (E) 238838
    Time to implement (T)   3 hours, 41 minutes
    Est Delivered Bugs (B)  1
    Cyclomatic Complexity   34
    Maintainability (MI)    53

 Segment     Used  Free
-----------  ----  ----
00000-00003     4  0  
00004-007FF   606  1438  
00800-00FFF     0  2048  
01000-017FF     0  2048  
01800-01FFF     0  2048  



