
ROM used: 764 (9%)
          764 (9%) including unused fragments

          1 Average locations per line
          5 Average locations per statement

RAM used: 52 (14%) at main() level
          57 (15%) worst case

Stack used: 4 worst case (out of 8 total available)

Lines Stmts  %   Files
----- ----- ---  -----
  231   159 100  mainLuces.c
  313     0   0  C:\Archivos de programa\PICC\Devices\16f877a.h
----- -----
  544   159 Total

Page ROM  %  RAM   Vol Diff  Functions:
---- --- --- ---   --- ----  ----------
0     21   3   1             @delay_ms1
0    200  26   0             @const71
0    198  26   4  1769  8.4  main
0    174  23   4  2079  5.4  fila
0     37   5   2             @MUL88
0     26   3   2   187  4.4  intercambianumletra
0      5   1   0    69  1.6  set01
0     21   3   0   151  3.5  letrero
0     31   4   1   165  4.0  letrero2
0     31   4   1   165  4.0  letrero3
0      6   1   0    56  1.6  reset
0     10   1   0    72  2.7  pausaletrero

Program metrics:
    Functions               9
    Statements              159
    Comments                127
    Volume (V)              6432
    Difficilty (D)          37.1
    Effort to implement (E) 238584
    Time to implement (T)   3 hours, 41 minutes
    Est Delivered Bugs (B)  1
    Cyclomatic Complexity   34
    Maintainability (MI)    67

 Segment     Used  Free
-----------  ----  ----
00000-00003     4  0  
00004-007FF   760  1284  
00800-00FFF     0  2048  
01000-017FF     0  2048  
01800-01FFF     0  2048  



