
ROM used: 79 (1%)
          79 (1%) including unused fragments

          0 Average locations per line
          2 Average locations per statement

RAM used: 8 (2%) at main() level
          10 (3%) worst case

Stack used: 1 worst case (out of 8 total available)

Lines Stmts  %   Files
----- ----- ---  -----
   90    52 100  mainLuces.c
  313     0   0  C:\Archivos de programa\PICC\Devices\16f877a.h
----- -----
  403    52 Total

Page ROM  %  RAM   Vol Diff  Functions:
---- --- --- ---   --- ----  ----------
 Inline        1             @delay_ms1
0     27  34   1    17  0.8  waitletra
0     48  61   0   522  2.9  MAIN

Program metrics:
    Functions               2
    Statements              52
    Comments                78
    Volume (V)              577
    Difficilty (D)          4.0
    Effort to implement (E) 2328
    Time to implement (T)   2 minutes
    Est Delivered Bugs (B)  0
    Cyclomatic Complexity   1
    Maintainability (MI)    76

 Segment     Used  Free
-----------  ----  ----
00000-00003     4  0  
00004-007FF    75  1969  
00800-00FFF     0  2048  
01000-017FF     0  2048  
01800-01FFF     0  2048  



