
ROM used: 347 (4%)
          347 (4%) including unused fragments

          1 Average locations per line
          5 Average locations per statement

RAM used: 34 (9%) at main() level
          36 (10%) worst case

Stack used: 4 worst case (out of 8 total available)

Lines Stmts  %   Files
----- ----- ---  -----
  187    71 100  mainLuces.c
  313     0   0  C:\Archivos de programa\PICC\Devices\16f877a.h
----- -----
  500    71 Total

Page ROM  %  RAM   Vol Diff  Functions:
---- --- --- ---   --- ----  ----------
 Inline        1             @delay_ms1
0     39  11   0             @const70
0      5   1   0    17  0.8  waitjg
0     22   6   0    17  0.8  waitletra
0     98  28   6   576  6.7  MAIN
0     82  24   3   323  3.7  fila
 Inline        2             @MUL88
0      5   1   0    57  1.5  set01
0     86  25   0   619  1.9  letrero
0      6   2   0    50  1.5  reset

Program metrics:
    Functions               7
    Statements              71
    Comments                134
    Volume (V)              2344
    Difficilty (D)          17.8
    Effort to implement (E) 41632
    Time to implement (T)   39 minutes
    Est Delivered Bugs (B)  0
    Cyclomatic Complexity   4
    Maintainability (MI)    127

 Segment     Used  Free
-----------  ----  ----
00000-00003     4  0  
00004-007FF   343  1701  
00800-00FFF     0  2048  
01000-017FF     0  2048  
01800-01FFF     0  2048  



