
ROM used: 339 (4%)
          339 (4%) including unused fragments

          1 Average locations per line
          5 Average locations per statement

RAM used: 14 (4%) at main() level
          20 (5%) worst case

Stack used: 3 worst case (out of 8 total available)

Lines Stmts  %   Files
----- ----- ---  -----
  151    66 100  mainLuces.c
  313     0   0  C:\Archivos de programa\PICC\Devices\16f877a.h
----- -----
  464    66 Total

Page ROM  %  RAM   Vol Diff  Functions:
---- --- --- ---   --- ----  ----------
 Inline        1             @delay_ms1
0      5   1   0    17  0.8  waitjg
0     22   6   0    17  0.8  waitletra
0     74  22   0             @const64
 Inline        0    82  1.6  set0
 Inline        0    82  1.6  set1
0     38  11   5   185  5.6  fila
0     37  11   2             @MUL88
0    100  29   1   741  2.4  letra
0     59  17   5   535  4.9  MAIN

Program metrics:
    Functions               7
    Statements              66
    Comments                91
    Volume (V)              2343
    Difficilty (D)          18.5
    Effort to implement (E) 43354
    Time to implement (T)   40 minutes
    Est Delivered Bugs (B)  0
    Cyclomatic Complexity   4
    Maintainability (MI)    72

 Segment     Used  Free
-----------  ----  ----
00000-00003     4  0  
00004-007FF   335  1709  
00800-00FFF     0  2048  
01000-017FF     0  2048  
01800-01FFF     0  2048  



