
ROM used: 410 (5%)
          410 (5%) including unused fragments

          1 Average locations per line
          6 Average locations per statement

RAM used: 37 (10%) at main() level
          39 (11%) worst case

Stack used: 4 worst case (out of 8 total available)

Lines Stmts  %   Files
----- ----- ---  -----
  212    73 100  mainLuces.c
  313     0   0  C:\Archivos de programa\PICC\Devices\16f877a.h
----- -----
  525    73 Total

Page ROM  %  RAM   Vol Diff  Functions:
---- --- --- ---   --- ----  ----------
 Inline        1             @delay_ms1
0     95  23   0             @const73
0      5   1   0    17  0.8  waitjg
0     22   5   0    17  0.8  waitletra
0    103  25   6   576  6.7  MAIN
0     84  20   3   367  3.8  fila
 Inline        2             @MUL88
0      5   1   0    57  1.5  set01
0     86  21   0   619  1.9  letrero
0      6   1   0    50  1.5  reset

Program metrics:
    Functions               7
    Statements              73
    Comments                142
    Volume (V)              2404
    Difficilty (D)          17.8
    Effort to implement (E) 42805
    Time to implement (T)   40 minutes
    Est Delivered Bugs (B)  0
    Cyclomatic Complexity   4
    Maintainability (MI)    135

 Segment     Used  Free
-----------  ----  ----
00000-00003     4  0  
00004-007FF   406  1638  
00800-00FFF     0  2048  
01000-017FF     0  2048  
01800-01FFF     0  2048  



