CCS PCM C Compiler, Version 4.057, 7433               19-sep-10 23:41

               Filename: mainLuces.lst

               ROM used: 410 words (5%)
                         Largest free fragment is 2048
               RAM used: 37 (10%) at main() level
                         39 (11%) worst case
               Stack:    4 locations

*
0000:  MOVLW  00
0001:  MOVWF  0A
0002:  GOTO   133
0003:  NOP
.................... #INCLUDE "C:\Archivos de programa\PICC\Devices\16f877a.h" 
.................... //////// Standard Header file for the PIC16F877A device //////////////// 
.................... #device PIC16F877A 
.................... #list 
....................  
.................... #FUSES HS,NOWDT,NOLVP,PUT,NOPROTECT 
.................... #USE delay(clock=20000000) 
*
00C9:  MOVLW  3D
00CA:  MOVWF  04
00CB:  BCF    03.7
00CC:  MOVF   00,W
00CD:  BTFSC  03.2
00CE:  GOTO   0DC
00CF:  MOVLW  06
00D0:  MOVWF  78
00D1:  CLRF   77
00D2:  DECFSZ 77,F
00D3:  GOTO   0D2
00D4:  DECFSZ 78,F
00D5:  GOTO   0D1
00D6:  MOVLW  7B
00D7:  MOVWF  77
00D8:  DECFSZ 77,F
00D9:  GOTO   0D8
00DA:  DECFSZ 00,F
00DB:  GOTO   0CF
.................... #BYTE PORTC=0x07  
.................... #BYTE PORTB=0x06  
.................... #BYTE PORTD=0x08  
....................  
.................... #BIT RC0=0x07.0 
.................... #BIT RC1=0x07.1 
.................... #BIT RC2=0x07.2 
.................... #BIT RC3=0x07.3 
.................... #BIT RC4=0x07.4 
....................  
.................... #BIT RB0=0x06.0 
.................... #BIT RB1=0x06.1 
.................... #BIT RB2=0x06.2 
.................... #BIT RB3=0x06.3 
.................... #BIT RB4=0x06.4 
.................... #BIT RB5=0x06.5 
.................... #BIT RB6=0x06.6 
....................  
.................... #BIT RD0=0x08.0//data 
.................... #BIT RD1=0x08.1//clock 
.................... #BIT RD2=0x08.2//reset 
....................  
.................... int i,apaga=1,prende=0; 
*
013E:  MOVLW  01
013F:  BCF    03.5
0140:  MOVWF  21
0141:  CLRF   22
....................  int nu1=0,nu2=1,nu3=0; 
0142:  CLRF   23
0143:  MOVWF  24
0144:  CLRF   25
.................... int letpos[16]={0,1,2,3,4,5,6,7,8,9,10,11,12,0,1,2}; 
0145:  CLRF   26
0146:  MOVWF  27
0147:  MOVLW  02
0148:  MOVWF  28
0149:  MOVLW  03
014A:  MOVWF  29
014B:  MOVLW  04
014C:  MOVWF  2A
014D:  MOVLW  05
014E:  MOVWF  2B
014F:  MOVLW  06
0150:  MOVWF  2C
0151:  MOVLW  07
0152:  MOVWF  2D
0153:  MOVLW  08
0154:  MOVWF  2E
0155:  MOVLW  09
0156:  MOVWF  2F
0157:  MOVLW  0A
0158:  MOVWF  30
0159:  MOVLW  0B
015A:  MOVWF  31
015B:  MOVLW  0C
015C:  MOVWF  32
015D:  CLRF   33
015E:  MOVLW  01
015F:  MOVWF  34
0160:  MOVLW  02
0161:  MOVWF  35
.................... int const lether[13][7]={ 
.................... {0x00,0x00,0x00,0x00,0x00,0x00,0x00},  //  	vacio 
.................... {0x11,0x11,0x11,0x15,0x1B,0x1B,0x11},  //  M 
.................... {0x11,0x11,0x11,0x1F,0x11,0x11,0x0E},  //  A 
.................... {0x11,0x13,0x13,0x15,0x19,0x19,0x11},  //  N 
.................... {0x0E,0x11,0x11,0x11,0x11,0x11,0x11},  //  U 
.................... {0x11,0x11,0x11,0x1F,0x11,0x11,0x0E},  //  A 
.................... {0x1E,0x10,0x10,0x10,0x10,0x10,0x10},  //  L 
.................... {0x1F,0x04,0x04,0x04,0x04,0x04,0x1F},  //  I 
.................... {0x1E,0x09,0x09,0x09,0x09,0x09,0x1E},  //  D 
.................... {0x11,0x11,0x11,0x1F,0x11,0x11,0x0E},  //  A 
.................... {0x1E,0x09,0x09,0x09,0x09,0x09,0x1E},  //  D  
.................... {0x1F,0x10,0x10,0x1E,0x10,0x10,0x1F},  //  E 
.................... {0x0E,0x11,0x01,0x0E,0x10,0x11,0x0E},  //  S 
.................... }; 
....................  
.................... //void waitjg(); 
.................... //void waitletra(); 
.................... void waitjg(){delay_us(2);}//delay_us(2) 
*
0063:  MOVLW  03
0064:  MOVWF  77
0065:  DECFSZ 77,F
0066:  GOTO   065
0067:  RETLW  00
.................... void waitletra(){delay_ms(1);}//delay_us(500) 
*
00C7:  MOVLW  01
00C8:  MOVWF  3D
*
00DC:  RETLW  00
....................  
.................... long useg1=8; 
*
0162:  MOVLW  08
0163:  MOVWF  36
0164:  CLRF   37
.................... void piz(int let,int pos); 
.................... void pde(int let,int pos); 
.................... //void set0(); 
.................... //void set1(); 
.................... void reset(); 
.................... void set01(); 
.................... void fila(int let,int nu); 
.................... void letrero(); 
....................  
.................... void main(void) 
.................... { 
*
0133:  CLRF   04
0134:  BCF    03.7
0135:  MOVLW  1F
0136:  ANDWF  03,F
0137:  BSF    03.5
0138:  BSF    1F.0
0139:  BSF    1F.1
013A:  BSF    1F.2
013B:  BCF    1F.3
013C:  MOVLW  07
013D:  MOVWF  1C
....................     long nh=0; 
*
0167:  CLRF   39
0168:  CLRF   3A
....................     
.................... 	//long useg1=50; 
.................... 	int aux,iaux; 
.................... 	set_tris_b(0x00);  // PORTA_TRIS = 0b11000000; //1=ENTRADA, 0=SALIDA  
0169:  MOVLW  00
016A:  BSF    03.5
016B:  MOVWF  06
.................... 	set_tris_d(0x00);  
016C:  MOVWF  08
.................... 	set_tris_c(0x00); 
*
0165:  MOVLW  FF
0166:  MOVWF  38
*
016D:  MOVWF  07
016E:  BCF    03.5
016F:  MOVWF  38
....................     PORTB=0; 
0170:  CLRF   06
....................     PORTC=0; 
0171:  CLRF   07
.................... 	PORTD=1; 
0172:  MOVLW  01
0173:  MOVWF  08
.................... 	reset(); 
0174:  GOTO   068
....................  
.................... 	while(TRUE) 
....................     {	 
.................... 			nh++;	 
0175:  INCF   39,F
0176:  BTFSC  03.2
0177:  INCF   3A,F
.................... 	 	if (nh<=useg1) 
0178:  MOVF   3A,W
0179:  SUBWF  37,W
017A:  BTFSS  03.0
017B:  GOTO   182
017C:  BTFSS  03.2
017D:  GOTO   181
017E:  MOVF   39,W
017F:  SUBWF  36,W
0180:  BTFSC  03.0
.................... 	   	    letrero(); 
0181:  GOTO   0DD
....................      	else    
....................       	   {nh=0; 
0182:  CLRF   3A
0183:  CLRF   39
.................... 	      	aux=letpos[0]; 
0184:  MOVF   26,W
0185:  MOVWF  3B
.................... 	      	for(iaux=0;iaux<16;iaux++) 
0186:  CLRF   3C
0187:  MOVF   3C,W
0188:  SUBLW  0F
0189:  BTFSS  03.0
018A:  GOTO   198
.................... 	      		{ aux++; 
018B:  INCF   3B,F
.................... 	      	 	  if (aux==13)aux=0; 
018C:  MOVF   3B,W
018D:  SUBLW  0D
018E:  BTFSC  03.2
018F:  CLRF   3B
.................... 			      letpos[iaux]=aux;		      	 
0190:  MOVLW  26
0191:  ADDWF  3C,W
0192:  MOVWF  04
0193:  BCF    03.7
0194:  MOVF   3B,W
0195:  MOVWF  00
.................... 	      	    }      	    	  
0196:  INCF   3C,F
0197:  GOTO   187
....................       	   } 
....................      }      	 
0198:  GOTO   175
.................... 	 			 
.................... } 
....................  
....................  
.................... /*   
....................  
.................... */ 
....................  
.................... void fila(int nu){ 
....................    //  reset(); 
0199:  SLEEP
....................    for  (i=0;i<16;i++) 
*
0073:  CLRF   20
0074:  MOVF   20,W
0075:  SUBLW  0F
0076:  BTFSS  03.0
0077:  GOTO   0C6
....................     { 
....................     PORTC=lether[letpos[i]][nu]; 
0078:  MOVLW  26
0079:  ADDWF  20,W
007A:  MOVWF  04
007B:  BCF    03.7
007C:  MOVF   00,W
007D:  MOVWF  3F
007E:  MOVLW  07
007F:  MOVWF  40
*
00A4:  MOVF   3D,W
00A5:  ADDWF  78,W
00A6:  CALL   004
00A7:  MOVWF  78
00A8:  MOVWF  07
.................... 	RD0=RC4;set01();	 
00A9:  BTFSS  07.4
00AA:  BCF    08.0
00AB:  BTFSC  07.4
00AC:  BSF    08.0
00AD:  CALL   06E
.................... 	RD0=RC3;set01(); 
00AE:  BTFSS  07.3
00AF:  BCF    08.0
00B0:  BTFSC  07.3
00B1:  BSF    08.0
00B2:  CALL   06E
.................... 	RD0=RC2;set01(); 
00B3:  BTFSS  07.2
00B4:  BCF    08.0
00B5:  BTFSC  07.2
00B6:  BSF    08.0
00B7:  CALL   06E
.................... 	RD0=RC1;set01(); 
00B8:  BTFSS  07.1
00B9:  BCF    08.0
00BA:  BTFSC  07.1
00BB:  BSF    08.0
00BC:  CALL   06E
.................... 	RD0=RC0;set01(); 
00BD:  BTFSS  07.0
00BE:  BCF    08.0
00BF:  BTFSC  07.0
00C0:  BSF    08.0
00C1:  CALL   06E
.................... 	RD0=0;set01();				 
00C2:  BCF    08.0
00C3:  CALL   06E
....................     } 
00C4:  INCF   20,F
00C5:  GOTO   074
.................... } 
00C6:  RETLW  00
.................... void piz(int let){ 
....................  
....................  
....................  
.................... } 
....................  
.................... void pde(int let){ 
....................  
....................  
....................  
.................... } 
.................... void set01(){ 
....................   
....................  waitjg(); 
*
006E:  CALL   063
....................  RD1=0;//clock 
006F:  BCF    08.1
....................  waitjg(); 
0070:  CALL   063
....................  RD1=1;//clock 
0071:  BSF    08.1
.................... } 
0072:  RETLW  00
.................... void letrero(){ 
....................  
....................      RB6=apaga; 
*
00DD:  BTFSS  21.0
00DE:  BCF    06.6
00DF:  BTFSC  21.0
00E0:  BSF    06.6
....................      fila(0); 
00E1:  CLRF   3D
00E2:  CALL   073
....................      RB0=prende; 
00E3:  BTFSS  22.0
00E4:  BCF    06.0
00E5:  BTFSC  22.0
00E6:  BSF    06.0
....................      waitletra(); 
00E7:  CALL   0C7
.................... 	    
.................... 	 RB0=apaga; 
00E8:  BTFSS  21.0
00E9:  BCF    06.0
00EA:  BTFSC  21.0
00EB:  BSF    06.0
....................      fila(1); 
00EC:  MOVLW  01
00ED:  MOVWF  3D
00EE:  CALL   073
....................      RB1=prende; 
00EF:  BTFSS  22.0
00F0:  BCF    06.1
00F1:  BTFSC  22.0
00F2:  BSF    06.1
....................      waitletra(); 
00F3:  CALL   0C7
.................... 	    
.................... 	 RB1=apaga; 
00F4:  BTFSS  21.0
00F5:  BCF    06.1
00F6:  BTFSC  21.0
00F7:  BSF    06.1
....................      fila(2); 
00F8:  MOVLW  02
00F9:  MOVWF  3D
00FA:  CALL   073
....................      RB2=prende; 
00FB:  BTFSS  22.0
00FC:  BCF    06.2
00FD:  BTFSC  22.0
00FE:  BSF    06.2
....................      waitletra(); 
00FF:  CALL   0C7
.................... 	    
.................... 	 RB2=apaga; 
0100:  BTFSS  21.0
0101:  BCF    06.2
0102:  BTFSC  21.0
0103:  BSF    06.2
....................      fila(3); 
0104:  MOVLW  03
0105:  MOVWF  3D
0106:  CALL   073
....................      RB3=prende; 
0107:  BTFSS  22.0
0108:  BCF    06.3
0109:  BTFSC  22.0
010A:  BSF    06.3
....................      waitletra(); 
010B:  CALL   0C7
.................... 	    
.................... 	 RB3=apaga; 
010C:  BTFSS  21.0
010D:  BCF    06.3
010E:  BTFSC  21.0
010F:  BSF    06.3
....................      fila(4); 
0110:  MOVLW  04
0111:  MOVWF  3D
0112:  CALL   073
....................      RB4=prende; 
0113:  BTFSS  22.0
0114:  BCF    06.4
0115:  BTFSC  22.0
0116:  BSF    06.4
....................      waitletra(); 
0117:  CALL   0C7
.................... 	    
.................... 	 RB4=apaga; 
0118:  BTFSS  21.0
0119:  BCF    06.4
011A:  BTFSC  21.0
011B:  BSF    06.4
....................      fila(5); 
011C:  MOVLW  05
011D:  MOVWF  3D
011E:  CALL   073
....................      RB5=prende; 
011F:  BTFSS  22.0
0120:  BCF    06.5
0121:  BTFSC  22.0
0122:  BSF    06.5
....................      waitletra(); 
0123:  CALL   0C7
.................... 	    
.................... 	 RB5=apaga; 
0124:  BTFSS  21.0
0125:  BCF    06.5
0126:  BTFSC  21.0
0127:  BSF    06.5
....................      fila(6); 
0128:  MOVLW  06
0129:  MOVWF  3D
012A:  CALL   073
....................      RB6=prende; 
012B:  BTFSS  22.0
012C:  BCF    06.6
012D:  BTFSC  22.0
012E:  BSF    06.6
....................      waitletra();  
012F:  CALL   0C7
....................       
.................... } 
0130:  BCF    0A.3
0131:  BCF    0A.4
0132:  GOTO   198 (RETURN)
....................  
....................  
....................  
.................... /* 
.................... void set0(void){ 
....................  RD0=0;//data 
....................  waitjg(); 
....................  RD1=0;//clock 
....................  waitjg(); 
....................  RD1=1;//clock 
.................... } 
.................... void set1(void){ 
....................  RD0=1;//data 
....................  waitjg(); 
....................  RD1=0;//clock 
....................  waitjg(); 
....................  RD1=1;//clock 
.................... } 
....................  
.................... */ 
.................... void reset(void){ 
....................  //for (irst=0;irst<20;irst++)set0(); 
....................  RD2=0;//data 
*
0068:  BCF    08.2
....................  waitjg(); 
0069:  CALL   063
....................  RD2=1;//clock	 
006A:  BSF    08.2
.................... } 
006B:  BCF    0A.3
006C:  BCF    0A.4
006D:  GOTO   175 (RETURN)
....................  
....................  
....................  
.................... /* 
.................... 	 RB0=0; 
.................... 	 RB1=0; 
.................... 	 RB2=0; 
.................... 	 RB3=0; 
.................... 	 RB4=0; 
.................... 	 RB5=0; 
.................... 	 RB6=0; 
....................   RD0=1;//data 
....................   RD1=1;//clock 
....................   RD2=1;//reset 
....................  
.................... //	PORTA_TRIS = 0b11000000; //1=ENTRADA, 0=SALIDA  
.................... //    PORTB_TRIS = 0b00000000; //1=ENTRADA, 0=SALIDA  
....................  
....................  
.................... */ 

Configuration Fuses:
   Word  1: 3F72   HS NOWDT PUT NODEBUG NOPROTECT BROWNOUT NOLVP NOCPD NOWRT
