
ROM used: 423 (5%)
          423 (5%) including unused fragments

          1 Average locations per line
          6 Average locations per statement

RAM used: 21 (6%) at main() level
          24 (7%) worst case

Stack used: 3 worst case (out of 8 total available)

Lines Stmts  %   Files
----- ----- ---  -----
  200    69 100  mainLuces.c
  313     0   0  C:\Archivos de programa\PICC\Devices\16f877a.h
----- -----
  513    69 Total

Page ROM  %  RAM   Vol Diff  Functions:
---- --- --- ---   --- ----  ----------
 Inline        1             @delay_ms1
0    144  34   0             @const65
0     70  17   8   554  6.8  main
0     49  12   5   252  5.0  fila
0     37   9   2             @MUL88
0     86  20   0   619  1.9  letrero
 Inline        0    82  1.6  set0
 Inline        0    82  1.6  set1
0      6   1   0    50  1.5  reset
0      5   1   0    17  0.8  waitjg
0     22   5   0    17  0.8  waitletra

Program metrics:
    Functions               8
    Statements              69
    Comments                152
    Volume (V)              2455
    Difficilty (D)          20.8
    Effort to implement (E) 51082
    Time to implement (T)   47 minutes
    Est Delivered Bugs (B)  0
    Cyclomatic Complexity   6
    Maintainability (MI)    129

 Segment     Used  Free
-----------  ----  ----
00000-00003     4  0  
00004-007FF   419  1625  
00800-00FFF     0  2048  
01000-017FF     0  2048  
01800-01FFF     0  2048  



