
ROM used: 658 (8%)
          658 (8%) including unused fragments

          1 Average locations per line
          4 Average locations per statement

RAM used: 38 (10%) at main() level
          42 (11%) worst case

Stack used: 4 worst case (out of 8 total available)

Lines Stmts  %   Files
----- ----- ---  -----
  277   168 100  mainLuces.c
  313     0   0  C:\Archivos de programa\PICC\Devices\16f877a.h
----- -----
  590   168 Total

Page ROM  %  RAM   Vol Diff  Functions:
---- --- --- ---   --- ----  ----------
0     20   3   1             @delay_ms1
0     95  14   0             @const77
0    131  20   3  1226  8.9  MAIN
0    162  25   3  2027  5.4  fila
0     37   6   2             @MUL88
0     23   3   2   187  4.4  intercambianumletra
0     11   2   0    69  1.6  set01
0     21   3   0   151  3.5  letrero
0    135  21   0   997  2.4  letrero2
0      9   1   0    56  1.6  reset
0     10   2   0    76  2.7  pausaletrero

Program metrics:
    Functions               8
    Statements              168
    Comments                156
    Volume (V)              6544
    Difficilty (D)          31.7
    Effort to implement (E) 207730
    Time to implement (T)   3 hours, 12 minutes
    Est Delivered Bugs (B)  1
    Cyclomatic Complexity   25
    Maintainability (MI)    113

 Segment     Used  Free
-----------  ----  ----
00000-00003     4  0  
00004-007FF   654  1390  
00800-00FFF     0  2048  
01000-017FF     0  2048  
01800-01FFF     0  2048  



