
ROM used: 162 (2%)
          162 (2%) including unused fragments

          0 Average locations per line
          3 Average locations per statement

RAM used: 26 (7%) at main() level
          27 (7%) worst case

Stack used: 2 worst case (out of 8 total available)

Lines Stmts  %   Files
----- ----- ---  -----
  197    55 100  mainLuces.c
  313     0   0  C:\Archivos de programa\PICC\Devices\16f877a.h
----- -----
  510    55 Total

Page ROM  %  RAM   Vol Diff  Functions:
---- --- --- ---   --- ----  ----------
 Inline        1             @delay_ms1
 Inline        0    17  0.8  waitjg
0     22  14   0    17  0.8  waitletra
0     61  38   0   167  2.2  MAIN
0     66  41   0   420  1.9  letrero
0      9   6   0    50  1.5  reset

Program metrics:
    Functions               5
    Statements              55
    Comments                142
    Volume (V)              922
    Difficilty (D)          8.2
    Effort to implement (E) 7524
    Time to implement (T)   7 minutes
    Est Delivered Bugs (B)  0
    Cyclomatic Complexity   1
    Maintainability (MI)    151

 Segment     Used  Free
-----------  ----  ----
00000-00003     4  0  
00004-007FF   158  1886  
00800-00FFF     0  2048  
01000-017FF     0  2048  
01800-01FFF     0  2048  



